[debug] [2019-08-19T11:19:21.362Z] ----------------------------------------------------------------------
[debug] [2019-08-19T11:19:21.447Z] Command:       C:\Program Files\nodejs\node.exe C:\Users\Design\AppData\Roaming\npm\node_modules\firebase-tools\lib\bin\firebase.js serve --only functions
[debug] [2019-08-19T11:19:21.448Z] CLI Version:   7.2.2
[debug] [2019-08-19T11:19:21.448Z] Platform:      win32
[debug] [2019-08-19T11:19:21.448Z] Node Version:  v10.16.2
[debug] [2019-08-19T11:19:22.716Z] Time:          Mon Aug 19 2019 08:19:21 GMT-0300 (GMT-03:00)
[debug] [2019-08-19T11:19:22.716Z] ----------------------------------------------------------------------
[debug] 
[debug] [2019-08-19T11:19:23.395Z] > command requires scopes: ["email","openid","https://www.googleapis.com/auth/cloudplatformprojects.readonly","https://www.googleapis.com/auth/firebase","https://www.googleapis.com/auth/cloud-platform"]
[debug] [2019-08-19T11:19:23.396Z] > authorizing via signed-in user
[debug] [2019-08-19T11:19:23.396Z] [iam] checking project gobag-delivery for permissions ["firebase.projects.get"]
[debug] [2019-08-19T11:19:23.398Z] > refreshing access token with scopes: ["email","https://www.googleapis.com/auth/cloud-platform","https://www.googleapis.com/auth/cloudplatformprojects.readonly","https://www.googleapis.com/auth/firebase","openid"]
[debug] [2019-08-19T11:19:23.399Z] >>> HTTP REQUEST POST https://www.googleapis.com/oauth2/v3/token  
 <request body omitted>
[debug] [2019-08-19T11:19:27.258Z] <<< HTTP RESPONSE 200
[debug] [2019-08-19T11:19:27.338Z] >>> HTTP REQUEST POST https://cloudresourcemanager.googleapis.com/v1/projects/gobag-delivery:testIamPermissions  

[debug] [2019-08-19T11:19:28.552Z] <<< HTTP RESPONSE 200
[debug] [2019-08-19T11:19:28.555Z] >>> HTTP REQUEST GET https://firebase.googleapis.com/v1beta1/projects/gobag-delivery  
 
[debug] [2019-08-19T11:19:30.322Z] <<< HTTP RESPONSE 200
[warn] !  Your requested "node" version "8" doesn't match your global version "10"
[debug] [2019-08-19T11:19:30.999Z] >>> HTTP REQUEST GET https://firebase.googleapis.com/v1beta1/projects/gobag-delivery/adminSdkConfig  
 
[debug] [2019-08-19T11:19:32.273Z] <<< HTTP RESPONSE 200
[info] +  functions: Emulator started at http://localhost:5000
[info] i  functions: Watching "C:\angular\projetos\nabag-app\functions" for Cloud Functions...
[debug] [2019-08-19T11:19:34.997Z] [runtime-status] Functions runtime initialized. {"cwd":"C:\\angular\\projetos\\nabag-app\\functions","node_version":"10.16.2"}
[debug] [2019-08-19T11:19:34.997Z] [runtime-status] Disabled runtime features: {"functions_config_helper":true,"network_filtering":true,"timeout":true,"memory_limiting":true,"admin_stubs":true} {}
[debug] [2019-08-19T11:19:35.443Z] [runtime-status] Resolved module firebase-admin {"declared":true,"installed":true,"version":"8.3.0","resolution":"C:\\angular\\projetos\\nabag-app\\functions\\node_modules\\firebase-admin\\lib\\index.js"}
[debug] [2019-08-19T11:19:35.537Z] [runtime-status] Resolved module firebase-functions {"declared":true,"installed":true,"version":"3.2.0","resolution":"C:\\angular\\projetos\\nabag-app\\functions\\node_modules\\firebase-functions\\lib\\index.js"}
[debug] [2019-08-19T11:19:35.537Z] [runtime-status] Resolved module firebase-functions {"declared":true,"installed":true,"version":"3.2.0","resolution":"C:\\angular\\projetos\\nabag-app\\functions\\node_modules\\firebase-functions\\lib\\index.js"}
[info] +  functions[helloWorldVictor]: http function initialized (http://localhost:5000/gobag-delivery/us-central1/helloWorldVictor).
[info] +  functions[mostrarTransferencias]: http function initialized (http://localhost:5000/gobag-delivery/us-central1/mostrarTransferencias).
[debug] [2019-08-19T11:19:49.545Z] Accepted request GET /gobag-delivery/us-central1/mostrarTransferencias --> mostrarTransferencias
[debug] [2019-08-19T11:19:52.283Z] [runtime-status] Functions runtime initialized. {"cwd":"C:\\angular\\projetos\\nabag-app\\functions","node_version":"10.16.2"}
[info] i  functions: Beginning execution of "mostrarTransferencias"
[debug] [2019-08-19T11:19:52.284Z] [runtime-status] Disabled runtime features: {"functions_config_helper":true,"network_filtering":true,"timeout":true,"memory_limiting":true,"admin_stubs":true} {}
[debug] [2019-08-19T11:19:52.289Z] [runtime-status] Resolved module firebase-admin {"declared":true,"installed":true,"version":"8.3.0","resolution":"C:\\angular\\projetos\\nabag-app\\functions\\node_modules\\firebase-admin\\lib\\index.js"}
[debug] [2019-08-19T11:19:52.292Z] [runtime-status] Resolved module firebase-functions {"declared":true,"installed":true,"version":"3.2.0","resolution":"C:\\angular\\projetos\\nabag-app\\functions\\node_modules\\firebase-functions\\lib\\index.js"}
[debug] [2019-08-19T11:19:52.295Z] [runtime-status] Resolved module firebase-functions {"declared":true,"installed":true,"version":"3.2.0","resolution":"C:\\angular\\projetos\\nabag-app\\functions\\node_modules\\firebase-functions\\lib\\index.js"}
[debug] [2019-08-19T11:19:52.524Z] [runtime-status] Trigger "mostrarTransferencias" has been found, beginning invocation! {}
[debug] [2019-08-19T11:19:52.524Z] [runtime-status]  {"httpsTrigger":{},"name":"mostrarTransferencias","entryPoint":"mostrarTransferencias"}
[debug] [2019-08-19T11:19:52.524Z] [runtime-status] Running mostrarTransferencias in mode HTTPS {}
[debug] [2019-08-19T11:19:52.537Z] {"socketPath":"\\\\?\\pipe\\C:\\angular\\projetos\\nabag-app\\functions\\1804"}
[debug] [2019-08-19T11:19:52.540Z] [functions] Runtime ready! Sending request! {"socketPath":"\\\\?\\pipe\\C:\\angular\\projetos\\nabag-app\\functions\\1804"}
[debug] [2019-08-19T11:19:52.550Z] [runtime-status] Ephemeral server used! {}
